# JRE version: OpenJDK Runtime Environment Temurin-17.0.13+11 (17.0.13+11) (build 17.0.13+11)
# Java VM: OpenJDK 64-Bit Server VM Temurin-17.0.13+11 (17.0.13+11, mixed mode, tiered, compressed oops, compressed class ptrs, parallel gc, windows-amd64)
GC Precious Log:
 CPUs: 8 total, 8 available
 Memory: 32719M
 Large Page Support: Disabled
 NUMA Support: Disabled
 Compressed Oops: Enabled (32-bit)
 Alignments: Space 512K, Generation 512K, Heap 2M
 Heap Min Capacity: 100M
 Heap Initial Capacity: 100M
 Heap Max Capacity: 1G
 Pre-touch: Disabled
 Parallel Workers: 8
Heap:
 PSYoungGen      total 24576K, used 24323K [0x00000000eab00000, 0x00000000ec600000, 0x0000000100000000)
  eden space 21504K, 100% used [0x00000000eab00000,0x00000000ec000000,0x00000000ec000000)
  from space 3072K, 91% used [0x00000000ec300000,0x00000000ec5c0d38,0x00000000ec600000)
  to   space 3072K, 0% used [0x00000000ec000000,0x00000000ec000000,0x00000000ec300000)
 ParOldGen       total 68608K, used 25295K [0x00000000c0000000, 0x00000000c4300000, 0x00000000eab00000)
  object space 68608K, 36% used [0x00000000c0000000,0x00000000c18b3f78,0x00000000c4300000)
 Metaspace       used 45897K, committed 46912K, reserved 1114112K
  class space    used 4719K, committed 5120K, reserved 1048576K
GC Heap History (20 events):
Event: 16.383 GC heap before
{Heap before GC invocations=11 (full 1):
 PSYoungGen      total 27136K, used 27104K [0x00000000eab00000, 0x00000000ecb00000, 0x0000000100000000)
  eden space 23552K, 100% used [0x00000000eab00000,0x00000000ec200000,0x00000000ec200000)
  from space 3584K, 99% used [0x00000000ec300000,0x00000000ec678320,0x00000000ec680000)
  to   space 4608K, 0% used [0x00000000ec680000,0x00000000ec680000,0x00000000ecb00000)
 ParOldGen       total 68608K, used 12324K [0x00000000c0000000, 0x00000000c4300000, 0x00000000eab00000)
  object space 68608K, 17% used [0x00000000c0000000,0x00000000c0c09310,0x00000000c4300000)
 Metaspace       used 35003K, committed 35840K, reserved 1114112K
  class space    used 3397K, committed 3712K, reserved 1048576K
}
Event: 16.385 GC heap after
{Heap after GC invocations=11 (full 1):
 PSYoungGen      total 26112K, used 2793K [0x00000000eab00000, 0x00000000ec980000, 0x0000000100000000)
  eden space 23040K, 0% used [0x00000000eab00000,0x00000000eab00000,0x00000000ec180000)
  from space 3072K, 90% used [0x00000000ec680000,0x00000000ec93a400,0x00000000ec980000)
  to   space 3584K, 0% used [0x00000000ec280000,0x00000000ec280000,0x00000000ec600000)
 ParOldGen       total 68608K, used 13947K [0x00000000c0000000, 0x00000000c4300000, 0x00000000eab00000)
  object space 68608K, 20% used [0x00000000c0000000,0x00000000c0d9eec0,0x00000000c4300000)
 Metaspace       used 35003K, committed 35840K, reserved 1114112K
  class space    used 3397K, committed 3712K, reserved 1048576K
}
Event: 16.387 GC heap before
{Heap before GC invocations=12 (full 1):
 PSYoungGen      total 26112K, used 3228K [0x00000000eab00000, 0x00000000ec980000, 0x0000000100000000)
  eden space 23040K, 1% used [0x00000000eab00000,0x00000000eab6cde8,0x00000000ec180000)
  from space 3072K, 90% used [0x00000000ec680000,0x00000000ec93a400,0x00000000ec980000)
  to   space 3584K, 0% used [0x00000000ec280000,0x00000000ec280000,0x00000000ec600000)
 ParOldGen       total 68608K, used 13947K [0x00000000c0000000, 0x00000000c4300000, 0x00000000eab00000)
  object space 68608K, 20% used [0x00000000c0000000,0x00000000c0d9eec0,0x00000000c4300000)
 Metaspace       used 35043K, committed 35840K, reserved 1114112K
  class space    used 3403K, committed 3712K, reserved 1048576K
}
Event: 16.389 GC heap after
{Heap after GC invocations=12 (full 1):
 PSYoungGen      total 23552K, used 64K [0x00000000eab00000, 0x00000000ec700000, 0x0000000100000000)
  eden space 23040K, 0% used [0x00000000eab00000,0x00000000eab00000,0x00000000ec180000)
  from space 512K, 12% used [0x00000000ec280000,0x00000000ec290000,0x00000000ec300000)
  to   space 1536K, 0% used [0x00000000ec580000,0x00000000ec580000,0x00000000ec700000)
 ParOldGen       total 68608K, used 16662K [0x00000000c0000000, 0x00000000c4300000, 0x00000000eab00000)
  object space 68608K, 24% used [0x00000000c0000000,0x00000000c1045bf8,0x00000000c4300000)
 Metaspace       used 35043K, committed 35840K, reserved 1114112K
  class space    used 3403K, committed 3712K, reserved 1048576K
}
Event: 16.389 GC heap before
{Heap before GC invocations=13 (full 2):
 PSYoungGen      total 23552K, used 64K [0x00000000eab00000, 0x00000000ec700000, 0x0000000100000000)
  eden space 23040K, 0% used [0x00000000eab00000,0x00000000eab00000,0x00000000ec180000)
  from space 512K, 12% used [0x00000000ec280000,0x00000000ec290000,0x00000000ec300000)
  to   space 1536K, 0% used [0x00000000ec580000,0x00000000ec580000,0x00000000ec700000)
 ParOldGen       total 68608K, used 16662K [0x00000000c0000000, 0x00000000c4300000, 0x00000000eab00000)
  object space 68608K, 24% used [0x00000000c0000000,0x00000000c1045bf8,0x00000000c4300000)
 Metaspace       used 35043K, committed 35840K, reserved 1114112K
  class space    used 3403K, committed 3712K, reserved 1048576K
}
Event: 16.411 GC heap after
{Heap after GC invocations=13 (full 2):
 PSYoungGen      total 23552K, used 0K [0x00000000eab00000, 0x00000000ec700000, 0x0000000100000000)
  eden space 23040K, 0% used [0x00000000eab00000,0x00000000eab00000,0x00000000ec180000)
  from space 512K, 0% used [0x00000000ec280000,0x00000000ec280000,0x00000000ec300000)
  to   space 1536K, 0% used [0x00000000ec580000,0x00000000ec580000,0x00000000ec700000)
 ParOldGen       total 68608K, used 15008K [0x00000000c0000000, 0x00000000c4300000, 0x00000000eab00000)
  object space 68608K, 21% used [0x00000000c0000000,0x00000000c0ea8368,0x00000000c4300000)
 Metaspace       used 35030K, committed 35840K, reserved 1114112K
  class space    used 3400K, committed 3712K, reserved 1048576K
}
Event: 16.681 GC heap before
{Heap before GC invocations=14 (full 2):
 PSYoungGen      total 23552K, used 23040K [0x00000000eab00000, 0x00000000ec700000, 0x0000000100000000)
  eden space 23040K, 100% used [0x00000000eab00000,0x00000000ec180000,0x00000000ec180000)
  from space 512K, 0% used [0x00000000ec280000,0x00000000ec280000,0x00000000ec300000)
  to   space 1536K, 0% used [0x00000000ec580000,0x00000000ec580000,0x00000000ec700000)
 ParOldGen       total 68608K, used 15008K [0x00000000c0000000, 0x00000000c4300000, 0x00000000eab00000)
  object space 68608K, 21% used [0x00000000c0000000,0x00000000c0ea8368,0x00000000c4300000)
 Metaspace       used 38145K, committed 39040K, reserved 1114112K
  class space    used 3793K, committed 4160K, reserved 1048576K
}
Event: 16.684 GC heap after
{Heap after GC invocations=14 (full 2):
 PSYoungGen      total 24064K, used 1522K [0x00000000eab00000, 0x00000000ec700000, 0x0000000100000000)
  eden space 22528K, 0% used [0x00000000eab00000,0x00000000eab00000,0x00000000ec100000)
  from space 1536K, 99% used [0x00000000ec580000,0x00000000ec6fcb08,0x00000000ec700000)
  to   space 2560K, 0% used [0x00000000ec200000,0x00000000ec200000,0x00000000ec480000)
 ParOldGen       total 68608K, used 15332K [0x00000000c0000000, 0x00000000c4300000, 0x00000000eab00000)
  object space 68608K, 22% used [0x00000000c0000000,0x00000000c0ef90c0,0x00000000c4300000)
 Metaspace       used 38145K, committed 39040K, reserved 1114112K
  class space    used 3793K, committed 4160K, reserved 1048576K
}
Event: 16.858 GC heap before
{Heap before GC invocations=15 (full 2):
 PSYoungGen      total 24064K, used 24050K [0x00000000eab00000, 0x00000000ec700000, 0x0000000100000000)
  eden space 22528K, 100% used [0x00000000eab00000,0x00000000ec100000,0x00000000ec100000)
  from space 1536K, 99% used [0x00000000ec580000,0x00000000ec6fcb08,0x00000000ec700000)
  to   space 2560K, 0% used [0x00000000ec200000,0x00000000ec200000,0x00000000ec480000)
 ParOldGen       total 68608K, used 15332K [0x00000000c0000000, 0x00000000c4300000, 0x00000000eab00000)
  object space 68608K, 22% used [0x00000000c0000000,0x00000000c0ef90c0,0x00000000c4300000)
 Metaspace       used 40436K, committed 41472K, reserved 1114112K
  class space    used 4058K, committed 4480K, reserved 1048576K
}
Event: 16.860 GC heap after
{Heap after GC invocations=15 (full 2):
 PSYoungGen      total 24064K, used 1648K [0x00000000eab00000, 0x00000000ec600000, 0x0000000100000000)
  eden space 22016K, 0% used [0x00000000eab00000,0x00000000eab00000,0x00000000ec080000)
  from space 2048K, 80% used [0x00000000ec200000,0x00000000ec39c060,0x00000000ec400000)
  to   space 2048K, 0% used [0x00000000ec400000,0x00000000ec400000,0x00000000ec600000)
 ParOldGen       total 68608K, used 16793K [0x00000000c0000000, 0x00000000c4300000, 0x00000000eab00000)
  object space 68608K, 24% used [0x00000000c0000000,0x00000000c1066790,0x00000000c4300000)
 Metaspace       used 40436K, committed 41472K, reserved 1114112K
  class space    used 4058K, committed 4480K, reserved 1048576K
}
Event: 16.967 GC heap before
{Heap before GC invocations=16 (full 2):
 PSYoungGen      total 24064K, used 23664K [0x00000000eab00000, 0x00000000ec600000, 0x0000000100000000)
  eden space 22016K, 100% used [0x00000000eab00000,0x00000000ec080000,0x00000000ec080000)
  from space 2048K, 80% used [0x00000000ec200000,0x00000000ec39c060,0x00000000ec400000)
  to   space 2048K, 0% used [0x00000000ec400000,0x00000000ec400000,0x00000000ec600000)
 ParOldGen       total 68608K, used 16793K [0x00000000c0000000, 0x00000000c4300000, 0x00000000eab00000)
  object space 68608K, 24% used [0x00000000c0000000,0x00000000c1066790,0x00000000c4300000)
 Metaspace       used 42238K, committed 43264K, reserved 1114112K
  class space    used 4262K, committed 4672K, reserved 1048576K
}
Event: 16.970 GC heap after
{Heap after GC invocations=16 (full 2):
 PSYoungGen      total 24064K, used 1576K [0x00000000eab00000, 0x00000000ec600000, 0x0000000100000000)
  eden space 22016K, 0% used [0x00000000eab00000,0x00000000eab00000,0x00000000ec080000)
  from space 2048K, 76% used [0x00000000ec400000,0x00000000ec58a220,0x00000000ec600000)
  to   space 2048K, 0% used [0x00000000ec200000,0x00000000ec200000,0x00000000ec400000)
 ParOldGen       total 68608K, used 18330K [0x00000000c0000000, 0x00000000c4300000, 0x00000000eab00000)
  object space 68608K, 26% used [0x00000000c0000000,0x00000000c11e6800,0x00000000c4300000)
 Metaspace       used 42238K, committed 43264K, reserved 1114112K
  class space    used 4262K, committed 4672K, reserved 1048576K
}
Event: 17.029 GC heap before
{Heap before GC invocations=17 (full 2):
 PSYoungGen      total 24064K, used 23592K [0x00000000eab00000, 0x00000000ec600000, 0x0000000100000000)
  eden space 22016K, 100% used [0x00000000eab00000,0x00000000ec080000,0x00000000ec080000)
  from space 2048K, 76% used [0x00000000ec400000,0x00000000ec58a220,0x00000000ec600000)
  to   space 2048K, 0% used [0x00000000ec200000,0x00000000ec200000,0x00000000ec400000)
 ParOldGen       total 68608K, used 18330K [0x00000000c0000000, 0x00000000c4300000, 0x00000000eab00000)
  object space 68608K, 26% used [0x00000000c0000000,0x00000000c11e6800,0x00000000c4300000)
 Metaspace       used 43011K, committed 43968K, reserved 1114112K
  class space    used 4363K, committed 4736K, reserved 1048576K
}
Event: 17.032 GC heap after
{Heap after GC invocations=17 (full 2):
 PSYoungGen      total 24064K, used 1937K [0x00000000eab00000, 0x00000000ec480000, 0x0000000100000000)
  eden space 22016K, 0% used [0x00000000eab00000,0x00000000eab00000,0x00000000ec080000)
  from space 2048K, 94% used [0x00000000ec200000,0x00000000ec3e4410,0x00000000ec400000)
  to   space 512K, 0% used [0x00000000ec400000,0x00000000ec400000,0x00000000ec480000)
 ParOldGen       total 68608K, used 19715K [0x00000000c0000000, 0x00000000c4300000, 0x00000000eab00000)
  object space 68608K, 28% used [0x00000000c0000000,0x00000000c1340c78,0x00000000c4300000)
 Metaspace       used 43011K, committed 43968K, reserved 1114112K
  class space    used 4363K, committed 4736K, reserved 1048576K
}
Event: 17.093 GC heap before
{Heap before GC invocations=18 (full 2):
 PSYoungGen      total 24064K, used 23953K [0x00000000eab00000, 0x00000000ec480000, 0x0000000100000000)
  eden space 22016K, 100% used [0x00000000eab00000,0x00000000ec080000,0x00000000ec080000)
  from space 2048K, 94% used [0x00000000ec200000,0x00000000ec3e4410,0x00000000ec400000)
  to   space 512K, 0% used [0x00000000ec400000,0x00000000ec400000,0x00000000ec480000)
 ParOldGen       total 68608K, used 19715K [0x00000000c0000000, 0x00000000c4300000, 0x00000000eab00000)
  object space 68608K, 28% used [0x00000000c0000000,0x00000000c1340c78,0x00000000c4300000)
 Metaspace       used 43659K, committed 44736K, reserved 1114112K
  class space    used 4441K, committed 4864K, reserved 1048576K
}
Event: 17.096 GC heap after
{Heap after GC invocations=18 (full 2):
 PSYoungGen      total 22016K, used 507K [0x00000000eab00000, 0x00000000ec880000, 0x0000000100000000)
  eden space 21504K, 0% used [0x00000000eab00000,0x00000000eab00000,0x00000000ec000000)
  from space 512K, 99% used [0x00000000ec400000,0x00000000ec47ed48,0x00000000ec480000)
  to   space 4096K, 0% used [0x00000000ec000000,0x00000000ec000000,0x00000000ec400000)
 ParOldGen       total 68608K, used 22926K [0x00000000c0000000, 0x00000000c4300000, 0x00000000eab00000)
  object space 68608K, 33% used [0x00000000c0000000,0x00000000c1663808,0x00000000c4300000)
 Metaspace       used 43659K, committed 44736K, reserved 1114112K
  class space    used 4441K, committed 4864K, reserved 1048576K
}
Event: 17.159 GC heap before
{Heap before GC invocations=19 (full 2):
 PSYoungGen      total 22016K, used 22011K [0x00000000eab00000, 0x00000000ec880000, 0x0000000100000000)
  eden space 21504K, 100% used [0x00000000eab00000,0x00000000ec000000,0x00000000ec000000)
  from space 512K, 99% used [0x00000000ec400000,0x00000000ec47ed48,0x00000000ec480000)
  to   space 4096K, 0% used [0x00000000ec000000,0x00000000ec000000,0x00000000ec400000)
 ParOldGen       total 68608K, used 22926K [0x00000000c0000000, 0x00000000c4300000, 0x00000000eab00000)
  object space 68608K, 33% used [0x00000000c0000000,0x00000000c1663808,0x00000000c4300000)
 Metaspace       used 44490K, committed 45504K, reserved 1114112K
  class space    used 4543K, committed 4928K, reserved 1048576K
}
Event: 17.161 GC heap after
{Heap after GC invocations=19 (full 2):
 PSYoungGen      total 23552K, used 1947K [0x00000000eab00000, 0x00000000ec600000, 0x0000000100000000)
  eden space 21504K, 0% used [0x00000000eab00000,0x00000000eab00000,0x00000000ec000000)
  from space 2048K, 95% used [0x00000000ec000000,0x00000000ec1e6c18,0x00000000ec200000)
  to   space 3072K, 0% used [0x00000000ec300000,0x00000000ec300000,0x00000000ec600000)
 ParOldGen       total 68608K, used 23470K [0x00000000c0000000, 0x00000000c4300000, 0x00000000eab00000)
  object space 68608K, 34% used [0x00000000c0000000,0x00000000c16eb960,0x00000000c4300000)
 Metaspace       used 44490K, committed 45504K, reserved 1114112K
  class space    used 4543K, committed 4928K, reserved 1048576K
}
Event: 17.277 GC heap before
{Heap before GC invocations=20 (full 2):
 PSYoungGen      total 23552K, used 23451K [0x00000000eab00000, 0x00000000ec600000, 0x0000000100000000)
  eden space 21504K, 99% used [0x00000000eab00000,0x00000000ebfffff8,0x00000000ec000000)
  from space 2048K, 95% used [0x00000000ec000000,0x00000000ec1e6c18,0x00000000ec200000)
  to   space 3072K, 0% used [0x00000000ec300000,0x00000000ec300000,0x00000000ec600000)
 ParOldGen       total 68608K, used 23470K [0x00000000c0000000, 0x00000000c4300000, 0x00000000eab00000)
  object space 68608K, 34% used [0x00000000c0000000,0x00000000c16eb960,0x00000000c4300000)
 Metaspace       used 45883K, committed 46912K, reserved 1114112K
  class space    used 4719K, committed 5120K, reserved 1048576K
}
Event: 17.280 GC heap after
{Heap after GC invocations=20 (full 2):
 PSYoungGen      total 24576K, used 2819K [0x00000000eab00000, 0x00000000ec600000, 0x0000000100000000)
  eden space 21504K, 0% used [0x00000000eab00000,0x00000000eab00000,0x00000000ec000000)
  from space 3072K, 91% used [0x00000000ec300000,0x00000000ec5c0d38,0x00000000ec600000)
  to   space 3072K, 0% used [0x00000000ec000000,0x00000000ec000000,0x00000000ec300000)
 ParOldGen       total 68608K, used 25295K [0x00000000c0000000, 0x00000000c4300000, 0x00000000eab00000)
  object space 68608K, 36% used [0x00000000c0000000,0x00000000c18b3f78,0x00000000c4300000)
 Metaspace       used 45883K, committed 46912K, reserved 1114112K
  class space    used 4719K, committed 5120K, reserved 1048576K
}

